<?xml version="1.0" encoding="UTF-8"?>
<!-- Generated by org.testng.reporters.JUnitReportReporter -->
<testsuite skipped="0" hostname="DESKTOP-5DI1977" name="com.testcases.OrangeHrmLoginTestCase" tests="1" failures="0" timestamp="16 Sep 2020 06:45:24 GMT" time="2.416" errors="0">
  <testcase name="login" time="2.416" classname="com.testcases.OrangeHrmLoginTestCase"/>
</testsuite> <!-- com.testcases.OrangeHrmLoginTestCase -->
