<?xml version="1.0" encoding="UTF-8"?>
<!-- Generated by org.testng.reporters.JUnitReportReporter -->
<testsuite skipped="0" hostname="DESKTOP-5DI1977" name="com.testng.DependsOnGroup" tests="3" failures="0" timestamp="2020-09-15T11:59:48 IST" time="0.013" errors="0">
  <testcase name="search" time="0.001" classname="com.testng.DependsOnGroup"/>
  <system-out/>
  <testcase name="login" time="0.010" classname="com.testng.DependsOnGroup"/>
  <system-out/>
  <testcase name="logout" time="0.002" classname="com.testng.DependsOnGroup"/>
  <system-out/>
</testsuite> <!-- com.testng.DependsOnGroup -->
