<?xml version="1.0" encoding="UTF-8"?>
<!-- Generated by org.testng.reporters.JUnitReportReporter -->
<testsuite skipped="0" hostname="DESKTOP-5DI1977" name="com.testng.CrossBrowser" tests="2" failures="0" timestamp="2020-09-15T15:02:56 IST" time="48.769" errors="0">
  <testcase name="orangeHRM" time="24.282" classname="com.testng.CrossBrowser"/>
  <system-out/>
  <testcase name="orangeHRM" time="24.487" classname="com.testng.CrossBrowser"/>
  <system-out/>
</testsuite> <!-- com.testng.CrossBrowser -->
