<?xml version="1.0" encoding="UTF-8"?>
<!-- Generated by org.testng.reporters.JUnitReportReporter -->
<testsuite skipped="0" hostname="DESKTOP-5DI1977" name="com.testng.SampleTestCase" tests="3" failures="0" timestamp="2020-09-15T10:23:53 IST" time="0.022" errors="0">
  <testcase name="testCase1" time="0.006" classname="com.testng.SampleTestCase"/>
  <system-out/>
  <testcase name="testCase2" time="0.013" classname="com.testng.SampleTestCase"/>
  <system-out/>
  <testcase name="testCase3" time="0.003" classname="com.testng.SampleTestCase"/>
  <system-out/>
</testsuite> <!-- com.testng.SampleTestCase -->
