<?xml version="1.0" encoding="UTF-8"?>
<!-- Generated by org.testng.reporters.JUnitReportReporter -->
<testsuite skipped="0" hostname="DESKTOP-5DI1977" name="com.testng.OrangeHrmLogin" tests="1" failures="0" timestamp="2020-09-15T10:45:55 IST" time="14.979" errors="0">
  <testcase name="admin" time="14.979" classname="com.testng.OrangeHrmLogin"/>
  <system-out/>
</testsuite> <!-- com.testng.OrangeHrmLogin -->
